2015-03-21T12:01:22.045+0800 I CONTROL  [initandlisten] MongoDB starting : pid=43693 port=27017 dbpath=/Volumes/newSpace/iii_mongodb_demo/iii_db 64-bit host=justin-c-huang.local
2015-03-21T12:01:22.046+0800 I CONTROL  [initandlisten] db version v3.0.0
2015-03-21T12:01:22.046+0800 I CONTROL  [initandlisten] git version: a841fd6394365954886924a35076691b4d149168
2015-03-21T12:01:22.047+0800 I CONTROL  [initandlisten] build info: Darwin bs-osx108-1 12.5.0 Darwin Kernel Version 12.5.0: Sun Sep 29 13:33:47 PDT 2013; root:xnu-2050.48.12~1/RELEASE_X86_64 x86_64 BOOST_LIB_VERSION=1_49
2015-03-21T12:01:22.047+0800 I CONTROL  [initandlisten] allocator: system
2015-03-21T12:01:22.048+0800 I CONTROL  [initandlisten] options: { config: "./iii_config.cfg", net: { bindIp: "127.0.0.1", http: { enabled: true }, port: 27017 }, processManagement: { fork: true }, storage: { dbPath: "/Volumes/newSpace/iii_mongodb_demo/iii_db", journal: { enabled: true } }, systemLog: { destination: "file", logAppend: true, path: "/Volumes/newSpace/iii_mongodb_demo/iii_2015_mongodb.log", quiet: true } }
2015-03-21T12:01:22.120+0800 I JOURNAL  [initandlisten] journal dir=/Volumes/newSpace/iii_mongodb_demo/iii_db/journal
2015-03-21T12:01:22.121+0800 I JOURNAL  [initandlisten] recover : no journal files present, no recovery needed
2015-03-21T12:01:22.178+0800 I JOURNAL  [durability] Durability thread started
2015-03-21T12:01:22.179+0800 I JOURNAL  [journal writer] Journal writer thread started
2015-03-21T12:01:24.782+0800 I NETWORK  [websvr] admin web console waiting for connections on port 28017
2015-03-21T12:01:24.809+0800 I NETWORK  [initandlisten] waiting for connections on port 27017
2015-03-21T12:03:20.693+0800 I NETWORK  [websvr] Socket recv() errno:35 Resource temporarily unavailable 127.0.0.1:56286
2015-03-21T12:03:28.694+0800 I NETWORK  [websvr] Socket recv() errno:35 Resource temporarily unavailable 127.0.0.1:56287
2015-03-21T12:06:18.340+0800 I COMMAND  [conn6] terminating, shutdown command received
2015-03-21T12:06:18.341+0800 I CONTROL  [conn6] now exiting
2015-03-21T12:06:18.341+0800 I NETWORK  [conn6] shutdown: going to close listening sockets...
2015-03-21T12:06:18.342+0800 I NETWORK  [conn6] closing listening socket: 6
2015-03-21T12:06:18.342+0800 I NETWORK  [conn6] closing listening socket: 7
2015-03-21T12:06:18.343+0800 I NETWORK  [conn6] closing listening socket: 34
2015-03-21T12:06:18.343+0800 I NETWORK  [conn6] removing socket file: /tmp/mongodb-27017.sock
2015-03-21T12:06:18.344+0800 I NETWORK  [conn6] shutdown: going to flush diaglog...
2015-03-21T12:06:18.344+0800 I NETWORK  [conn6] shutdown: going to close sockets...
2015-03-21T12:06:18.345+0800 I STORAGE  [conn6] shutdown: waiting for fs preallocator...
2015-03-21T12:06:18.345+0800 I STORAGE  [conn6] shutdown: final commit...
2015-03-21T12:06:18.377+0800 I JOURNAL  [conn6] journalCleanup...
2015-03-21T12:06:18.378+0800 I JOURNAL  [conn6] removeJournalFiles
2015-03-21T12:06:18.379+0800 I JOURNAL  [conn6] Terminating durability thread ...
2015-03-21T12:06:18.453+0800 I JOURNAL  [journal writer] Journal writer thread stopped
2015-03-21T12:06:18.454+0800 I JOURNAL  [durability] Durability thread stopped
2015-03-21T12:06:18.455+0800 I STORAGE  [conn6] shutdown: closing all files...
2015-03-21T12:06:18.462+0800 I STORAGE  [conn6] closeAllFiles() finished
2015-03-21T12:06:18.463+0800 I STORAGE  [conn6] shutdown: removing fs lock...
2015-03-21T12:06:18.463+0800 I CONTROL  [conn6] dbexit:  rc: 0
2015-03-21T12:06:38.130+0800 I CONTROL  ***** SERVER RESTARTED *****
2015-03-21T12:06:38.145+0800 I CONTROL  [initandlisten] MongoDB starting : pid=43844 port=27017 dbpath=/Volumes/newSpace/iii_mongodb_demo/iii_db 64-bit host=justin-c-huang.local
2015-03-21T12:06:38.145+0800 I CONTROL  [initandlisten] db version v3.0.0
2015-03-21T12:06:38.145+0800 I CONTROL  [initandlisten] git version: a841fd6394365954886924a35076691b4d149168
2015-03-21T12:06:38.145+0800 I CONTROL  [initandlisten] build info: Darwin bs-osx108-1 12.5.0 Darwin Kernel Version 12.5.0: Sun Sep 29 13:33:47 PDT 2013; root:xnu-2050.48.12~1/RELEASE_X86_64 x86_64 BOOST_LIB_VERSION=1_49
2015-03-21T12:06:38.146+0800 I CONTROL  [initandlisten] allocator: system
2015-03-21T12:06:38.146+0800 I CONTROL  [initandlisten] options: { config: "./iii_config.cfg", net: { bindIp: "127.0.0.1", http: { JSONPEnabled: true, RESTInterfaceEnabled: true, enabled: true }, port: 27017 }, processManagement: { fork: true }, storage: { dbPath: "/Volumes/newSpace/iii_mongodb_demo/iii_db", journal: { enabled: true } }, systemLog: { destination: "file", logAppend: true, path: "/Volumes/newSpace/iii_mongodb_demo/iii_2015_mongodb.log", quiet: true } }
2015-03-21T12:06:38.158+0800 I JOURNAL  [initandlisten] journal dir=/Volumes/newSpace/iii_mongodb_demo/iii_db/journal
2015-03-21T12:06:38.158+0800 I JOURNAL  [initandlisten] recover : no journal files present, no recovery needed
2015-03-21T12:06:38.236+0800 I JOURNAL  [durability] Durability thread started
2015-03-21T12:06:38.236+0800 I JOURNAL  [journal writer] Journal writer thread started
2015-03-21T12:06:38.321+0800 I NETWORK  [websvr] admin web console waiting for connections on port 28017
2015-03-21T12:06:38.325+0800 I NETWORK  [initandlisten] waiting for connections on port 27017
2015-03-21T12:06:57.790+0800 I NETWORK  [websvr] Socket recv() errno:35 Resource temporarily unavailable 127.0.0.1:56305
2015-03-21T12:07:56.006+0800 I NETWORK  [websvr] Socket recv() errno:35 Resource temporarily unavailable 127.0.0.1:56313
2015-03-21T12:08:15.299+0800 I NETWORK  [websvr] Socket recv() errno:35 Resource temporarily unavailable 127.0.0.1:56317
2015-03-21T12:08:59.283+0800 I NETWORK  [websvr] Socket recv() errno:35 Resource temporarily unavailable 127.0.0.1:56320
2015-03-21T14:02:32.200+0800 I COMMAND  [conn20] command admin.$cmd command: listDatabases { listDatabases: 1.0 } keyUpdates:0 writeConflicts:0 numYields:0 reslen:434 locks:{} 133ms
2015-03-21T14:02:42.723+0800 I COMMAND  [conn20] command iii-2015.$cmd command: listCollections { listCollections: 1.0 } keyUpdates:0 writeConflicts:0 numYields:0 reslen:207 locks:{} 138ms
2015-03-21T14:04:02.101+0800 I WRITE    [conn20] insert iii-2015.users query: { _id: ObjectId('550d09d106e805d2c05b6139'), name: "joe", friends: 32.0, enemies: 2.0 } ninserted:1 keyUpdates:0 writeConflicts:0 numYields:0 locks:{ Global: { acquireCount: { w: 2 } }, MMAPV1Journal: { acquireCount: { w: 4 }, acquireWaitCount: { w: 1 }, timeAcquiringMicros: { w: 617 } }, Database: { acquireCount: { w: 1, W: 1 } }, Collection: { acquireCount: { W: 2 } }, Metadata: { acquireCount: { W: 2 } } } 139ms
2015-03-21T14:04:02.102+0800 I COMMAND  [conn20] command iii-2015.$cmd command: insert { insert: "users", documents: [ { _id: ObjectId('550d09d106e805d2c05b6139'), name: "joe", friends: 32.0, enemies: 2.0 } ], ordered: true } keyUpdates:0 writeConflicts:0 numYields:0 reslen:40 locks:{} 172ms
2015-03-21T14:10:00.255+0800 I WRITE    [conn20] update iii-2015.users query: { username: "joe" } update: { _id: ObjectId('550d0a9f06e805d2c05b613a'), username: "joe", age: 66.0 } keyUpdates:0 writeConflicts:0 exception: The _id field cannot be changed from {_id: ObjectId('550d09d106e805d2c05b6139')} to {_id: ObjectId('550d0a9f06e805d2c05b613a')}. code:16837 numYields:0 locks:{} 105ms
2015-03-21T14:10:00.255+0800 I COMMAND  [conn20] command iii-2015.$cmd command: update { update: "users", updates: [ { q: { username: "joe" }, u: { _id: ObjectId('550d0a9f06e805d2c05b613a'), username: "joe", age: 66.0 }, multi: false, upsert: false } ], ordered: true } keyUpdates:0 writeConflicts:0 numYields:0 reslen:243 locks:{} 106ms
2015-03-21T19:35:39.972+0800 I WRITE    [conn20] insert iii-2015.coll2 query: { _id: ObjectId('550d578b06e805d2c05b6142'), x: "a" } ninserted:1 keyUpdates:0 writeConflicts:0 numYields:0 locks:{ Global: { acquireCount: { w: 2 } }, MMAPV1Journal: { acquireCount: { w: 4 }, acquireWaitCount: { w: 1 }, timeAcquiringMicros: { w: 95855 } }, Database: { acquireCount: { w: 1, W: 1 } }, Collection: { acquireCount: { W: 2 } }, Metadata: { acquireCount: { W: 2 } } } 182ms
2015-03-21T19:35:40.070+0800 I COMMAND  [conn20] command iii-2015.$cmd command: insert { insert: "coll2", documents: [ { _id: ObjectId('550d578b06e805d2c05b6142'), x: "a" } ], ordered: true } keyUpdates:0 writeConflicts:0 numYields:0 reslen:40 locks:{} 280ms
2015-03-21T19:44:39.288+0800 I WRITE    [conn20] update iii-2015.web query: { url: "www.google.com" } update: { $inc: { pageviews: 1.0 } } nscanned:0 nscannedObjects:0 nMatched:1 nModified:1 upsert:1 keyUpdates:0 writeConflicts:0 numYields:0 locks:{} 146ms
2015-03-21T19:44:39.356+0800 I COMMAND  [conn20] command iii-2015.$cmd command: update { update: "web", updates: [ { q: { url: "www.google.com" }, u: { $inc: { pageviews: 1.0 } }, multi: false, upsert: true } ], ordered: true } keyUpdates:0 writeConflicts:0 numYields:0 reslen:106 locks:{} 214ms
2015-03-21T20:33:31.457+0800 I COMMAND  [conn24] command iii-2015.$cmd command: drop { drop: "users_for_test" } keyUpdates:0 writeConflicts:0 numYields:0 reslen:86 locks:{} 324ms
2015-03-21T23:02:41.679+0800 I QUERY    [conn20] assertion 16979 bad numberToReturn (0) for $cmd type ns - can only be 1 or -1 ns:iii-2015.$cmd query:{}
2015-03-21T23:06:13.380+0800 I WRITE    [conn68] insert iii-2015.usersNonIndex query: { _id: ObjectId('550d88e58afb8269abf5c1a9'), i: 15461.0, username: "user15461", age: 43.0, created: new Date(1426950373125) } ninserted:1 keyUpdates:0 writeConflicts:0 numYields:0 locks:{ Global: { acquireCount: { w: 1 } }, MMAPV1Journal: { acquireCount: { w: 2 }, acquireWaitCount: { w: 1 }, timeAcquiringMicros: { w: 150 } }, Database: { acquireCount: { w: 1 } }, Collection: { acquireCount: { W: 1 } } } 231ms
2015-03-21T23:06:13.440+0800 I COMMAND  [conn68] command iii-2015.$cmd command: insert { insert: "usersNonIndex", documents: [ { _id: ObjectId('550d88e58afb8269abf5c1a9'), i: 15461.0, username: "user15461", age: 43.0, created: new Date(1426950373125) } ], ordered: true } keyUpdates:0 writeConflicts:0 numYields:0 reslen:40 locks:{} 292ms
2015-03-21T23:06:42.966+0800 I WRITE    [conn68] insert iii-2015.usersNonIndex query: { _id: ObjectId('550d89028afb8269abf6b598'), i: 77908.0, username: "user77908", age: 88.0, created: new Date(1426950402796) } ninserted:1 keyUpdates:0 writeConflicts:0 numYields:0 locks:{ Global: { acquireCount: { w: 1 } }, MMAPV1Journal: { acquireCount: { w: 2 }, acquireWaitCount: { w: 1 }, timeAcquiringMicros: { w: 25070 } }, Database: { acquireCount: { w: 1 } }, Collection: { acquireCount: { W: 1 } } } 170ms
2015-03-21T23:06:42.991+0800 I COMMAND  [conn68] command iii-2015.$cmd command: insert { insert: "usersNonIndex", documents: [ { _id: ObjectId('550d89028afb8269abf6b598'), i: 77908.0, username: "user77908", age: 88.0, created: new Date(1426950402796) } ], ordered: true } keyUpdates:0 writeConflicts:0 numYields:0 reslen:40 locks:{} 195ms
2015-03-21T23:07:15.191+0800 I WRITE    [conn68] insert iii-2015.usersNonIndex query: { _id: ObjectId('550d89238afb8269abf7b3b3'), i: 142959.0, username: "user142959", age: 47.0, created: new Date(1426950435079) } ninserted:1 keyUpdates:0 writeConflicts:0 numYields:0 locks:{ Global: { acquireCount: { w: 1 } }, MMAPV1Journal: { acquireCount: { w: 2 }, acquireWaitCount: { w: 1 }, timeAcquiringMicros: { w: 111688 } }, Database: { acquireCount: { w: 1 } }, Collection: { acquireCount: { W: 1 } } } 111ms
2015-03-21T23:07:15.651+0800 I COMMAND  [conn68] command iii-2015.$cmd command: insert { insert: "usersNonIndex", documents: [ { _id: ObjectId('550d89238afb8269abf7b3b3'), i: 142959.0, username: "user142959", age: 47.0, created: new Date(1426950435079) } ], ordered: true } keyUpdates:0 writeConflicts:0 numYields:0 reslen:40 locks:{} 571ms
2015-03-21T23:07:18.404+0800 I WRITE    [conn68] insert iii-2015.usersNonIndex query: { _id: ObjectId('550d89258afb8269abf7c1df'), i: 146587.0, username: "user146587", age: 72.0, created: new Date(1426950437901) } ninserted:1 keyUpdates:0 writeConflicts:0 numYields:0 locks:{ Global: { acquireCount: { w: 1 } }, MMAPV1Journal: { acquireCount: { w: 2 }, acquireWaitCount: { w: 1 }, timeAcquiringMicros: { w: 500894 } }, Database: { acquireCount: { w: 1 } }, Collection: { acquireCount: { W: 1 } } } 502ms
2015-03-21T23:07:18.405+0800 I COMMAND  [conn68] command iii-2015.$cmd command: insert { insert: "usersNonIndex", documents: [ { _id: ObjectId('550d89258afb8269abf7c1df'), i: 146587.0, username: "user146587", age: 72.0, created: new Date(1426950437901) } ], ordered: true } keyUpdates:0 writeConflicts:0 numYields:0 reslen:40 locks:{} 503ms
2015-03-21T23:07:20.821+0800 I WRITE    [conn68] insert iii-2015.usersNonIndex query: { _id: ObjectId('550d89288afb8269abf7ccb6'), i: 149362.0, username: "user149362", age: 29.0, created: new Date(1426950440634) } ninserted:1 keyUpdates:0 writeConflicts:0 numYields:0 locks:{ Global: { acquireCount: { w: 1 } }, MMAPV1Journal: { acquireCount: { w: 2 }, acquireWaitCount: { w: 1 }, timeAcquiringMicros: { w: 47 } }, Database: { acquireCount: { w: 1 } }, Collection: { acquireCount: { W: 1 } } } 186ms
2015-03-21T23:07:20.821+0800 I COMMAND  [conn68] command iii-2015.$cmd command: insert { insert: "usersNonIndex", documents: [ { _id: ObjectId('550d89288afb8269abf7ccb6'), i: 149362.0, username: "user149362", age: 29.0, created: new Date(1426950440634) } ], ordered: true } keyUpdates:0 writeConflicts:0 numYields:0 reslen:40 locks:{} 187ms
2015-03-21T23:07:42.979+0800 I WRITE    [conn68] insert iii-2015.usersNonIndex query: { _id: ObjectId('550d893e8afb8269abf88ab4'), i: 198000.0, username: "user198000", age: 108.0, created: new Date(1426950462776) } ninserted:1 keyUpdates:0 writeConflicts:0 numYields:0 locks:{ Global: { acquireCount: { w: 1 } }, MMAPV1Journal: { acquireCount: { w: 2 }, acquireWaitCount: { w: 1 }, timeAcquiringMicros: { w: 74 } }, Database: { acquireCount: { w: 1 } }, Collection: { acquireCount: { W: 1 } } } 202ms
2015-03-21T23:07:42.989+0800 I COMMAND  [conn68] command iii-2015.$cmd command: insert { insert: "usersNonIndex", documents: [ { _id: ObjectId('550d893e8afb8269abf88ab4'), i: 198000.0, username: "user198000", age: 108.0, created: new Date(1426950462776) } ], ordered: true } keyUpdates:0 writeConflicts:0 numYields:0 reslen:40 locks:{} 213ms
2015-03-21T23:08:28.232+0800 I STORAGE  [FileAllocator] allocating new datafile /Volumes/newSpace/iii_mongodb_demo/iii_db/iii-2015.1, filling with zeroes...
2015-03-21T23:08:28.280+0800 I STORAGE  [FileAllocator] creating directory /Volumes/newSpace/iii_mongodb_demo/iii_db/_tmp
2015-03-21T23:08:30.536+0800 I STORAGE  [FileAllocator] done allocating datafile /Volumes/newSpace/iii_mongodb_demo/iii_db/iii-2015.1, size: 128MB,  took 2.21 secs
2015-03-21T23:08:30.792+0800 I STORAGE  [conn68] MmapV1ExtentManager took 2 seconds to open: /Volumes/newSpace/iii_mongodb_demo/iii_db/iii-2015.1
2015-03-21T23:08:30.810+0800 I WRITE    [conn68] insert iii-2015.usersNonIndex query: { _id: ObjectId('550d896c8afb8269abfa06b4'), i: 295280.0, username: "user295280", age: 13.0, created: new Date(1426950508189) } ninserted:1 keyUpdates:0 writeConflicts:0 numYields:0 locks:{ Global: { acquireCount: { w: 1 } }, MMAPV1Journal: { acquireCount: { w: 2 }, acquireWaitCount: { w: 1 }, timeAcquiringMicros: { w: 17971 } }, Database: { acquireCount: { w: 1 } }, Collection: { acquireCount: { W: 1 } }, Metadata: { acquireCount: { W: 1 } } } 2621ms
2015-03-21T23:08:30.811+0800 I COMMAND  [conn68] command iii-2015.$cmd command: insert { insert: "usersNonIndex", documents: [ { _id: ObjectId('550d896c8afb8269abfa06b4'), i: 295280.0, username: "user295280", age: 13.0, created: new Date(1426950508189) } ], ordered: true } keyUpdates:0 writeConflicts:0 numYields:0 reslen:40 locks:{} 2621ms
2015-03-21T23:09:43.008+0800 I WRITE    [conn68] insert iii-2015.usersNonIndex query: { _id: ObjectId('550d89b68afb8269abfc5d99'), i: 448597.0, username: "user448597", age: 32.0, created: new Date(1426950582790) } ninserted:1 keyUpdates:0 writeConflicts:0 numYields:0 locks:{ Global: { acquireCount: { w: 1 } }, MMAPV1Journal: { acquireCount: { w: 2 }, acquireWaitCount: { w: 1 }, timeAcquiringMicros: { w: 114 } }, Database: { acquireCount: { w: 1 } }, Collection: { acquireCount: { W: 1 } } } 218ms
2015-03-21T23:09:43.119+0800 I COMMAND  [conn68] command iii-2015.$cmd command: insert { insert: "usersNonIndex", documents: [ { _id: ObjectId('550d89b68afb8269abfc5d99'), i: 448597.0, username: "user448597", age: 32.0, created: new Date(1426950582790) } ], ordered: true } keyUpdates:0 writeConflicts:0 numYields:0 reslen:40 locks:{} 329ms
2015-03-21T23:10:00.442+0800 I WRITE    [conn68] insert iii-2015.usersNonIndex query: { _id: ObjectId('550d89c88afb8269abfcf61b'), i: 487639.0, username: "user487639", age: 109.0, created: new Date(1426950600320) } ninserted:1 keyUpdates:0 writeConflicts:0 numYields:0 locks:{ Global: { acquireCount: { w: 1 } }, MMAPV1Journal: { acquireCount: { w: 2 }, acquireWaitCount: { w: 1 }, timeAcquiringMicros: { w: 121305 } }, Database: { acquireCount: { w: 1 } }, Collection: { acquireCount: { W: 1 } } } 121ms
2015-03-21T23:10:00.442+0800 I COMMAND  [conn68] command iii-2015.$cmd command: insert { insert: "usersNonIndex", documents: [ { _id: ObjectId('550d89c88afb8269abfcf61b'), i: 487639.0, username: "user487639", age: 109.0, created: new Date(1426950600320) } ], ordered: true } keyUpdates:0 writeConflicts:0 numYields:0 reslen:40 locks:{} 121ms
2015-03-21T23:10:07.437+0800 I WRITE    [conn68] insert iii-2015.usersNonIndex query: { _id: ObjectId('550d89cf8afb8269abfd24de'), i: 499610.0, username: "user499610", age: 10.0, created: new Date(1426950607294) } ninserted:1 keyUpdates:0 writeConflicts:0 numYields:0 locks:{ Global: { acquireCount: { w: 1 } }, MMAPV1Journal: { acquireCount: { w: 2 }, acquireWaitCount: { w: 1 }, timeAcquiringMicros: { w: 143601 } }, Database: { acquireCount: { w: 1 } }, Collection: { acquireCount: { W: 1 } } } 143ms
2015-03-21T23:10:07.438+0800 I COMMAND  [conn68] command iii-2015.$cmd command: insert { insert: "usersNonIndex", documents: [ { _id: ObjectId('550d89cf8afb8269abfd24de'), i: 499610.0, username: "user499610", age: 10.0, created: new Date(1426950607294) } ], ordered: true } keyUpdates:0 writeConflicts:0 numYields:0 reslen:40 locks:{} 144ms
2015-03-21T23:10:43.093+0800 I WRITE    [conn68] insert iii-2015.usersNonIndex query: { _id: ObjectId('550d89f28afb8269abfe166b'), i: 561447.0, username: "user561447", age: 59.0, created: new Date(1426950642927) } ninserted:1 keyUpdates:0 writeConflicts:0 numYields:0 locks:{ Global: { acquireCount: { w: 1 } }, MMAPV1Journal: { acquireCount: { w: 2 }, acquireWaitCount: { w: 1 }, timeAcquiringMicros: { w: 165124 } }, Database: { acquireCount: { w: 1 } }, Collection: { acquireCount: { W: 1 } } } 165ms
2015-03-21T23:10:43.143+0800 I COMMAND  [conn68] command iii-2015.$cmd command: insert { insert: "usersNonIndex", documents: [ { _id: ObjectId('550d89f28afb8269abfe166b'), i: 561447.0, username: "user561447", age: 59.0, created: new Date(1426950642927) } ], ordered: true } keyUpdates:0 writeConflicts:0 numYields:0 reslen:40 locks:{} 215ms
2015-03-21T23:11:13.027+0800 I WRITE    [conn68] insert iii-2015.usersNonIndex query: { _id: ObjectId('550d8a108afb8269abfef0d0'), i: 617356.0, username: "user617356", age: 53.0, created: new Date(1426950672844) } ninserted:1 keyUpdates:0 writeConflicts:0 numYields:0 locks:{ Global: { acquireCount: { w: 1 } }, MMAPV1Journal: { acquireCount: { w: 2 }, acquireWaitCount: { w: 1 }, timeAcquiringMicros: { w: 92 } }, Database: { acquireCount: { w: 1 } }, Collection: { acquireCount: { W: 1 } } } 182ms
2015-03-21T23:11:13.042+0800 I COMMAND  [conn68] command iii-2015.$cmd command: insert { insert: "usersNonIndex", documents: [ { _id: ObjectId('550d8a108afb8269abfef0d0'), i: 617356.0, username: "user617356", age: 53.0, created: new Date(1426950672844) } ], ordered: true } keyUpdates:0 writeConflicts:0 numYields:0 reslen:40 locks:{} 197ms
2015-03-21T23:11:14.530+0800 I WRITE    [conn68] insert iii-2015.usersNonIndex query: { _id: ObjectId('550d8a128afb8269abfef7d3'), i: 619151.0, username: "user619151", age: 41.0, created: new Date(1426950674380) } ninserted:1 keyUpdates:0 writeConflicts:0 numYields:0 locks:{ Global: { acquireCount: { w: 1 } }, MMAPV1Journal: { acquireCount: { w: 2 }, acquireWaitCount: { w: 1 }, timeAcquiringMicros: { w: 147619 } }, Database: { acquireCount: { w: 1 } }, Collection: { acquireCount: { W: 1 } } } 147ms
2015-03-21T23:11:14.600+0800 I COMMAND  [conn68] command iii-2015.$cmd command: insert { insert: "usersNonIndex", documents: [ { _id: ObjectId('550d8a128afb8269abfef7d3'), i: 619151.0, username: "user619151", age: 41.0, created: new Date(1426950674380) } ], ordered: true } keyUpdates:0 writeConflicts:0 numYields:0 reslen:40 locks:{} 217ms
2015-03-21T23:11:16.736+0800 I WRITE    [conn68] insert iii-2015.usersNonIndex query: { _id: ObjectId('550d8a148afb8269abff038f'), i: 622155.0, username: "user622155", age: 55.0, created: new Date(1426950676619) } ninserted:1 keyUpdates:0 writeConflicts:0 numYields:0 locks:{ Global: { acquireCount: { w: 1 } }, MMAPV1Journal: { acquireCount: { w: 2 }, acquireWaitCount: { w: 1 }, timeAcquiringMicros: { w: 135 } }, Database: { acquireCount: { w: 1 } }, Collection: { acquireCount: { W: 1 } } } 117ms
2015-03-21T23:11:16.736+0800 I COMMAND  [conn68] command iii-2015.$cmd command: insert { insert: "usersNonIndex", documents: [ { _id: ObjectId('550d8a148afb8269abff038f'), i: 622155.0, username: "user622155", age: 55.0, created: new Date(1426950676619) } ], ordered: true } keyUpdates:0 writeConflicts:0 numYields:0 reslen:40 locks:{} 117ms
2015-03-21T23:11:20.502+0800 I WRITE    [conn68] insert iii-2015.usersNonIndex query: { _id: ObjectId('550d8a188afb8269abff1fdd'), i: 629401.0, username: "user629401", age: 99.0, created: new Date(1426950680332) } ninserted:1 keyUpdates:0 writeConflicts:0 numYields:0 locks:{ Global: { acquireCount: { w: 1 } }, MMAPV1Journal: { acquireCount: { w: 2 }, acquireWaitCount: { w: 1 }, timeAcquiringMicros: { w: 169083 } }, Database: { acquireCount: { w: 1 } }, Collection: { acquireCount: { W: 1 } } } 169ms
2015-03-21T23:11:20.522+0800 I COMMAND  [conn68] command iii-2015.$cmd command: insert { insert: "usersNonIndex", documents: [ { _id: ObjectId('550d8a188afb8269abff1fdd'), i: 629401.0, username: "user629401", age: 99.0, created: new Date(1426950680332) } ], ordered: true } keyUpdates:0 writeConflicts:0 numYields:0 reslen:40 locks:{} 189ms
2015-03-21T23:11:43.322+0800 I WRITE    [conn68] insert iii-2015.usersNonIndex query: { _id: ObjectId('550d8a2f8afb8269abffb6d2'), i: 668046.0, username: "user668046", age: 72.0, created: new Date(1426950703128) } ninserted:1 keyUpdates:0 writeConflicts:0 numYields:0 locks:{ Global: { acquireCount: { w: 1 } }, MMAPV1Journal: { acquireCount: { w: 2 }, acquireWaitCount: { w: 1 }, timeAcquiringMicros: { w: 193364 } }, Database: { acquireCount: { w: 1 } }, Collection: { acquireCount: { W: 1 } } } 193ms
2015-03-21T23:11:43.352+0800 I COMMAND  [conn68] command iii-2015.$cmd command: insert { insert: "usersNonIndex", documents: [ { _id: ObjectId('550d8a2f8afb8269abffb6d2'), i: 668046.0, username: "user668046", age: 72.0, created: new Date(1426950703128) } ], ordered: true } keyUpdates:0 writeConflicts:0 numYields:0 reslen:40 locks:{} 223ms
2015-03-21T23:11:59.525+0800 I WRITE    [conn68] insert iii-2015.usersNonIndex query: { _id: ObjectId('550d8a3f8afb8269ab0024a6'), i: 696162.0, username: "user696162", age: 54.0, created: new Date(1426950719405) } ninserted:1 keyUpdates:0 writeConflicts:0 numYields:0 locks:{ Global: { acquireCount: { w: 1 } }, MMAPV1Journal: { acquireCount: { w: 2 }, acquireWaitCount: { w: 1 }, timeAcquiringMicros: { w: 119105 } }, Database: { acquireCount: { w: 1 } }, Collection: { acquireCount: { W: 1 } } } 119ms
2015-03-21T23:11:59.541+0800 I COMMAND  [conn68] command iii-2015.$cmd command: insert { insert: "usersNonIndex", documents: [ { _id: ObjectId('550d8a3f8afb8269ab0024a6'), i: 696162.0, username: "user696162", age: 54.0, created: new Date(1426950719405) } ], ordered: true } keyUpdates:0 writeConflicts:0 numYields:0 reslen:40 locks:{} 135ms
2015-03-21T23:12:00.751+0800 I WRITE    [conn68] insert iii-2015.usersNonIndex query: { _id: ObjectId('550d8a408afb8269ab002afa'), i: 697782.0, username: "user697782", age: 27.0, created: new Date(1426950720531) } ninserted:1 keyUpdates:0 writeConflicts:0 numYields:0 locks:{ Global: { acquireCount: { w: 1 } }, MMAPV1Journal: { acquireCount: { w: 2 }, acquireWaitCount: { w: 1 }, timeAcquiringMicros: { w: 95 } }, Database: { acquireCount: { w: 1 } }, Collection: { acquireCount: { W: 1 } } } 219ms
2015-03-21T23:12:00.789+0800 I COMMAND  [conn68] command iii-2015.$cmd command: insert { insert: "usersNonIndex", documents: [ { _id: ObjectId('550d8a408afb8269ab002afa'), i: 697782.0, username: "user697782", age: 27.0, created: new Date(1426950720531) } ], ordered: true } keyUpdates:0 writeConflicts:0 numYields:0 reslen:40 locks:{} 257ms
2015-03-21T23:12:01.000+0800 I WRITE    [conn68] insert iii-2015.usersNonIndex query: { _id: ObjectId('550d8a408afb8269ab002ba4'), i: 697952.0, username: "user697952", age: 9.0, created: new Date(1426950720861) } ninserted:1 keyUpdates:0 writeConflicts:0 numYields:0 locks:{ Global: { acquireCount: { w: 1 } }, MMAPV1Journal: { acquireCount: { w: 2 }, acquireWaitCount: { w: 1 }, timeAcquiringMicros: { w: 138803 } }, Database: { acquireCount: { w: 1 } }, Collection: { acquireCount: { W: 1 } } } 138ms
2015-03-21T23:12:01.000+0800 I COMMAND  [conn68] command iii-2015.$cmd command: insert { insert: "usersNonIndex", documents: [ { _id: ObjectId('550d8a408afb8269ab002ba4'), i: 697952.0, username: "user697952", age: 9.0, created: new Date(1426950720861) } ], ordered: true } keyUpdates:0 writeConflicts:0 numYields:0 reslen:40 locks:{} 139ms
2015-03-21T23:12:01.361+0800 I WRITE    [conn68] insert iii-2015.usersNonIndex query: { _id: ObjectId('550d8a418afb8269ab002d41'), i: 698365.0, username: "user698365", age: 64.0, created: new Date(1426950721226) } ninserted:1 keyUpdates:0 writeConflicts:0 numYields:0 locks:{ Global: { acquireCount: { w: 1 } }, MMAPV1Journal: { acquireCount: { w: 2 }, acquireWaitCount: { w: 1 }, timeAcquiringMicros: { w: 133650 } }, Database: { acquireCount: { w: 1 } }, Collection: { acquireCount: { W: 1 } } } 133ms
2015-03-21T23:12:01.361+0800 I COMMAND  [conn68] command iii-2015.$cmd command: insert { insert: "usersNonIndex", documents: [ { _id: ObjectId('550d8a418afb8269ab002d41'), i: 698365.0, username: "user698365", age: 64.0, created: new Date(1426950721226) } ], ordered: true } keyUpdates:0 writeConflicts:0 numYields:0 reslen:40 locks:{} 134ms
2015-03-21T23:12:02.267+0800 I WRITE    [conn68] insert iii-2015.usersNonIndex query: { _id: ObjectId('550d8a418afb8269ab00310f'), i: 699339.0, username: "user699339", age: 41.0, created: new Date(1426950721997) } ninserted:1 keyUpdates:0 writeConflicts:0 numYields:0 locks:{ Global: { acquireCount: { w: 1 } }, MMAPV1Journal: { acquireCount: { w: 2 }, acquireWaitCount: { w: 1 }, timeAcquiringMicros: { w: 269111 } }, Database: { acquireCount: { w: 1 } }, Collection: { acquireCount: { W: 1 } } } 269ms
2015-03-21T23:12:02.267+0800 I COMMAND  [conn68] command iii-2015.$cmd command: insert { insert: "usersNonIndex", documents: [ { _id: ObjectId('550d8a418afb8269ab00310f'), i: 699339.0, username: "user699339", age: 41.0, created: new Date(1426950721997) } ], ordered: true } keyUpdates:0 writeConflicts:0 numYields:0 reslen:40 locks:{} 269ms
2015-03-21T23:12:02.602+0800 I WRITE    [conn68] insert iii-2015.usersNonIndex query: { _id: ObjectId('550d8a428afb8269ab00328e'), i: 699722.0, username: "user699722", age: 3.0, created: new Date(1426950722486) } ninserted:1 keyUpdates:0 writeConflicts:0 numYields:0 locks:{ Global: { acquireCount: { w: 1 } }, MMAPV1Journal: { acquireCount: { w: 2 }, acquireWaitCount: { w: 1 }, timeAcquiringMicros: { w: 123 } }, Database: { acquireCount: { w: 1 } }, Collection: { acquireCount: { W: 1 } } } 115ms
2015-03-21T23:12:02.603+0800 I COMMAND  [conn68] command iii-2015.$cmd command: insert { insert: "usersNonIndex", documents: [ { _id: ObjectId('550d8a428afb8269ab00328e'), i: 699722.0, username: "user699722", age: 3.0, created: new Date(1426950722486) } ], ordered: true } keyUpdates:0 writeConflicts:0 numYields:0 reslen:40 locks:{} 116ms
2015-03-21T23:12:02.903+0800 I WRITE    [conn68] insert iii-2015.usersNonIndex query: { _id: ObjectId('550d8a428afb8269ab0032e2'), i: 699806.0, username: "user699806", age: 97.0, created: new Date(1426950722662) } ninserted:1 keyUpdates:0 writeConflicts:0 numYields:0 locks:{ Global: { acquireCount: { w: 1 } }, MMAPV1Journal: { acquireCount: { w: 2 }, acquireWaitCount: { w: 1 }, timeAcquiringMicros: { w: 133387 } }, Database: { acquireCount: { w: 1 } }, Collection: { acquireCount: { W: 1 } } } 240ms
2015-03-21T23:12:02.903+0800 I COMMAND  [conn68] command iii-2015.$cmd command: insert { insert: "usersNonIndex", documents: [ { _id: ObjectId('550d8a428afb8269ab0032e2'), i: 699806.0, username: "user699806", age: 97.0, created: new Date(1426950722662) } ], ordered: true } keyUpdates:0 writeConflicts:0 numYields:0 reslen:40 locks:{} 240ms
2015-03-21T23:12:04.413+0800 I WRITE    [conn68] insert iii-2015.usersNonIndex query: { _id: ObjectId('550d8a448afb8269ab003aca'), i: 701830.0, username: "user701830", age: 104.0, created: new Date(1426950724131) } ninserted:1 keyUpdates:0 writeConflicts:0 numYields:0 locks:{ Global: { acquireCount: { w: 1 } }, MMAPV1Journal: { acquireCount: { w: 2 }, acquireWaitCount: { w: 1 }, timeAcquiringMicros: { w: 127108 } }, Database: { acquireCount: { w: 1 } }, Collection: { acquireCount: { W: 1 } } } 282ms
2015-03-21T23:12:04.414+0800 I COMMAND  [conn68] command iii-2015.$cmd command: insert { insert: "usersNonIndex", documents: [ { _id: ObjectId('550d8a448afb8269ab003aca'), i: 701830.0, username: "user701830", age: 104.0, created: new Date(1426950724131) } ], ordered: true } keyUpdates:0 writeConflicts:0 numYields:0 reslen:40 locks:{} 282ms
2015-03-21T23:12:05.942+0800 I WRITE    [conn68] insert iii-2015.usersNonIndex query: { _id: ObjectId('550d8a458afb8269ab00428e'), i: 703818.0, username: "user703818", age: 71.0, created: new Date(1426950725814) } ninserted:1 keyUpdates:0 writeConflicts:0 numYields:0 locks:{ Global: { acquireCount: { w: 1 } }, MMAPV1Journal: { acquireCount: { w: 2 }, acquireWaitCount: { w: 1 }, timeAcquiringMicros: { w: 60 } }, Database: { acquireCount: { w: 1 } }, Collection: { acquireCount: { W: 1 } } } 127ms
2015-03-21T23:12:05.943+0800 I COMMAND  [conn68] command iii-2015.$cmd command: insert { insert: "usersNonIndex", documents: [ { _id: ObjectId('550d8a458afb8269ab00428e'), i: 703818.0, username: "user703818", age: 71.0, created: new Date(1426950725814) } ], ordered: true } keyUpdates:0 writeConflicts:0 numYields:0 reslen:40 locks:{} 128ms
2015-03-21T23:12:06.119+0800 I WRITE    [conn68] insert iii-2015.usersNonIndex query: { _id: ObjectId('550d8a458afb8269ab0042b2'), i: 703854.0, username: "user703854", age: 103.0, created: new Date(1426950725971) } ninserted:1 keyUpdates:0 writeConflicts:0 numYields:0 locks:{ Global: { acquireCount: { w: 1 } }, MMAPV1Journal: { acquireCount: { w: 2 }, acquireWaitCount: { w: 1 }, timeAcquiringMicros: { w: 77 } }, Database: { acquireCount: { w: 1 } }, Collection: { acquireCount: { W: 1 } } } 147ms
2015-03-21T23:12:06.119+0800 I COMMAND  [conn68] command iii-2015.$cmd command: insert { insert: "usersNonIndex", documents: [ { _id: ObjectId('550d8a458afb8269ab0042b2'), i: 703854.0, username: "user703854", age: 103.0, created: new Date(1426950725971) } ], ordered: true } keyUpdates:0 writeConflicts:0 numYields:0 reslen:40 locks:{} 148ms
2015-03-21T23:12:07.008+0800 I WRITE    [conn68] insert iii-2015.usersNonIndex query: { _id: ObjectId('550d8a468afb8269ab0045f6'), i: 704690.0, username: "user704690", age: 35.0, created: new Date(1426950726617) } ninserted:1 keyUpdates:0 writeConflicts:0 numYields:0 locks:{ Global: { acquireCount: { w: 1 } }, MMAPV1Journal: { acquireCount: { w: 2 }, acquireWaitCount: { w: 1 }, timeAcquiringMicros: { w: 390529 } }, Database: { acquireCount: { w: 1 } }, Collection: { acquireCount: { W: 1 } } } 390ms
2015-03-21T23:12:07.226+0800 I COMMAND  [conn68] command iii-2015.$cmd command: insert { insert: "usersNonIndex", documents: [ { _id: ObjectId('550d8a468afb8269ab0045f6'), i: 704690.0, username: "user704690", age: 35.0, created: new Date(1426950726617) } ], ordered: true } keyUpdates:0 writeConflicts:0 numYields:0 reslen:40 locks:{} 609ms
2015-03-21T23:12:16.564+0800 I WRITE    [conn68] insert iii-2015.usersNonIndex query: { _id: ObjectId('550d8a508afb8269ab007ea3'), i: 719199.0, username: "user719199", age: 88.0, created: new Date(1426950736193) } ninserted:1 keyUpdates:0 writeConflicts:0 numYields:0 locks:{ Global: { acquireCount: { w: 1 } }, MMAPV1Journal: { acquireCount: { w: 2 }, acquireWaitCount: { w: 1 }, timeAcquiringMicros: { w: 369801 } }, Database: { acquireCount: { w: 1 } }, Collection: { acquireCount: { W: 1 } } } 369ms
2015-03-21T23:12:16.564+0800 I COMMAND  [conn68] command iii-2015.$cmd command: insert { insert: "usersNonIndex", documents: [ { _id: ObjectId('550d8a508afb8269ab007ea3'), i: 719199.0, username: "user719199", age: 88.0, created: new Date(1426950736193) } ], ordered: true } keyUpdates:0 writeConflicts:0 numYields:0 reslen:40 locks:{} 370ms
2015-03-21T23:12:16.727+0800 I WRITE    [conn68] insert iii-2015.usersNonIndex query: { _id: ObjectId('550d8a508afb8269ab007efb'), i: 719287.0, username: "user719287", age: 50.0, created: new Date(1426950736624) } ninserted:1 keyUpdates:0 writeConflicts:0 numYields:0 locks:{ Global: { acquireCount: { w: 1 } }, MMAPV1Journal: { acquireCount: { w: 2 }, acquireWaitCount: { w: 1 }, timeAcquiringMicros: { w: 105 } }, Database: { acquireCount: { w: 1 } }, Collection: { acquireCount: { W: 1 } } } 102ms
2015-03-21T23:12:16.727+0800 I COMMAND  [conn68] command iii-2015.$cmd command: insert { insert: "usersNonIndex", documents: [ { _id: ObjectId('550d8a508afb8269ab007efb'), i: 719287.0, username: "user719287", age: 50.0, created: new Date(1426950736624) } ], ordered: true } keyUpdates:0 writeConflicts:0 numYields:0 reslen:40 locks:{} 103ms
2015-03-21T23:12:23.848+0800 I WRITE    [conn68] insert iii-2015.usersNonIndex query: { _id: ObjectId('550d8a578afb8269ab00a4ce'), i: 728970.0, username: "user728970", age: 104.0, created: new Date(1426950743741) } ninserted:1 keyUpdates:0 writeConflicts:0 numYields:0 locks:{ Global: { acquireCount: { w: 1 } }, MMAPV1Journal: { acquireCount: { w: 2 }, acquireWaitCount: { w: 1 }, timeAcquiringMicros: { w: 445 } }, Database: { acquireCount: { w: 1 } }, Collection: { acquireCount: { W: 1 } } } 106ms
2015-03-21T23:12:23.848+0800 I COMMAND  [conn68] command iii-2015.$cmd command: insert { insert: "usersNonIndex", documents: [ { _id: ObjectId('550d8a578afb8269ab00a4ce'), i: 728970.0, username: "user728970", age: 104.0, created: new Date(1426950743741) } ], ordered: true } keyUpdates:0 writeConflicts:0 numYields:0 reslen:40 locks:{} 107ms
2015-03-21T23:12:38.355+0800 I WRITE    [conn68] insert iii-2015.usersNonIndex query: { _id: ObjectId('550d8a668afb8269ab011532'), i: 757742.0, username: "user757742", age: 5.0, created: new Date(1426950758031) } ninserted:1 keyUpdates:0 writeConflicts:0 numYields:0 locks:{ Global: { acquireCount: { w: 1 } }, MMAPV1Journal: { acquireCount: { w: 2 }, acquireWaitCount: { w: 1 }, timeAcquiringMicros: { w: 324430 } }, Database: { acquireCount: { w: 1 } }, Collection: { acquireCount: { W: 1 } } } 324ms
2015-03-21T23:12:38.356+0800 I COMMAND  [conn68] command iii-2015.$cmd command: insert { insert: "usersNonIndex", documents: [ { _id: ObjectId('550d8a668afb8269ab011532'), i: 757742.0, username: "user757742", age: 5.0, created: new Date(1426950758031) } ], ordered: true } keyUpdates:0 writeConflicts:0 numYields:0 reslen:40 locks:{} 324ms
2015-03-21T23:12:39.538+0800 I WRITE    [conn68] insert iii-2015.usersNonIndex query: { _id: ObjectId('550d8a678afb8269ab011b2e'), i: 759274.0, username: "user759274", age: 15.0, created: new Date(1426950759389) } ninserted:1 keyUpdates:0 writeConflicts:0 numYields:0 locks:{ Global: { acquireCount: { w: 1 } }, MMAPV1Journal: { acquireCount: { w: 2 }, acquireWaitCount: { w: 1 }, timeAcquiringMicros: { w: 79 } }, Database: { acquireCount: { w: 1 } }, Collection: { acquireCount: { W: 1 } } } 148ms
2015-03-21T23:12:39.539+0800 I COMMAND  [conn68] command iii-2015.$cmd command: insert { insert: "usersNonIndex", documents: [ { _id: ObjectId('550d8a678afb8269ab011b2e'), i: 759274.0, username: "user759274", age: 15.0, created: new Date(1426950759389) } ], ordered: true } keyUpdates:0 writeConflicts:0 numYields:0 reslen:40 locks:{} 149ms
2015-03-21T23:12:41.804+0800 I WRITE    [conn68] insert iii-2015.usersNonIndex query: { _id: ObjectId('550d8a698afb8269ab0128bf'), i: 762747.0, username: "user762747", age: 27.0, created: new Date(1426950761699) } ninserted:1 keyUpdates:0 writeConflicts:0 numYields:0 locks:{ Global: { acquireCount: { w: 1 } }, MMAPV1Journal: { acquireCount: { w: 2 }, acquireWaitCount: { w: 1 }, timeAcquiringMicros: { w: 104295 } }, Database: { acquireCount: { w: 1 } }, Collection: { acquireCount: { W: 1 } } } 104ms
2015-03-21T23:12:41.805+0800 I COMMAND  [conn68] command iii-2015.$cmd command: insert { insert: "usersNonIndex", documents: [ { _id: ObjectId('550d8a698afb8269ab0128bf'), i: 762747.0, username: "user762747", age: 27.0, created: new Date(1426950761699) } ], ordered: true } keyUpdates:0 writeConflicts:0 numYields:0 reslen:40 locks:{} 104ms
2015-03-21T23:12:43.562+0800 I WRITE    [conn68] insert iii-2015.usersNonIndex query: { _id: ObjectId('550d8a6b8afb8269ab013659'), i: 766229.0, username: "user766229", age: 92.0, created: new Date(1426950763358) } ninserted:1 keyUpdates:0 writeConflicts:0 numYields:0 locks:{ Global: { acquireCount: { w: 1 } }, MMAPV1Journal: { acquireCount: { w: 2 }, acquireWaitCount: { w: 1 }, timeAcquiringMicros: { w: 203992 } }, Database: { acquireCount: { w: 1 } }, Collection: { acquireCount: { W: 1 } } } 204ms
2015-03-21T23:12:43.563+0800 I COMMAND  [conn68] command iii-2015.$cmd command: insert { insert: "usersNonIndex", documents: [ { _id: ObjectId('550d8a6b8afb8269ab013659'), i: 766229.0, username: "user766229", age: 92.0, created: new Date(1426950763358) } ], ordered: true } keyUpdates:0 writeConflicts:0 numYields:0 reslen:40 locks:{} 204ms
2015-03-21T23:12:56.690+0800 I WRITE    [conn68] insert iii-2015.usersNonIndex query: { _id: ObjectId('550d8a788afb8269ab019b1f'), i: 792027.0, username: "user792027", age: 110.0, created: new Date(1426950776519) } ninserted:1 keyUpdates:0 writeConflicts:0 numYields:0 locks:{ Global: { acquireCount: { w: 1 } }, MMAPV1Journal: { acquireCount: { w: 2 }, acquireWaitCount: { w: 1 }, timeAcquiringMicros: { w: 171328 } }, Database: { acquireCount: { w: 1 } }, Collection: { acquireCount: { W: 1 } } } 171ms
2015-03-21T23:12:56.691+0800 I COMMAND  [conn68] command iii-2015.$cmd command: insert { insert: "usersNonIndex", documents: [ { _id: ObjectId('550d8a788afb8269ab019b1f'), i: 792027.0, username: "user792027", age: 110.0, created: new Date(1426950776519) } ], ordered: true } keyUpdates:0 writeConflicts:0 numYields:0 reslen:40 locks:{} 171ms
2015-03-21T23:12:57.915+0800 I WRITE    [conn68] insert iii-2015.usersNonIndex query: { _id: ObjectId('550d8a798afb8269ab01a3b1'), i: 794221.0, username: "user794221", age: 41.0, created: new Date(1426950777813) } ninserted:1 keyUpdates:0 writeConflicts:0 numYields:0 locks:{ Global: { acquireCount: { w: 1 } }, MMAPV1Journal: { acquireCount: { w: 2 }, acquireWaitCount: { w: 1 }, timeAcquiringMicros: { w: 101060 } }, Database: { acquireCount: { w: 1 } }, Collection: { acquireCount: { W: 1 } } } 101ms
2015-03-21T23:12:57.915+0800 I COMMAND  [conn68] command iii-2015.$cmd command: insert { insert: "usersNonIndex", documents: [ { _id: ObjectId('550d8a798afb8269ab01a3b1'), i: 794221.0, username: "user794221", age: 41.0, created: new Date(1426950777813) } ], ordered: true } keyUpdates:0 writeConflicts:0 numYields:0 reslen:40 locks:{} 101ms
2015-03-21T23:12:58.171+0800 I WRITE    [conn68] insert iii-2015.usersNonIndex query: { _id: ObjectId('550d8a7a8afb8269ab01a480'), i: 794428.0, username: "user794428", age: 88.0, created: new Date(1426950778051) } ninserted:1 keyUpdates:0 writeConflicts:0 numYields:0 locks:{ Global: { acquireCount: { w: 1 } }, MMAPV1Journal: { acquireCount: { w: 2 }, acquireWaitCount: { w: 1 }, timeAcquiringMicros: { w: 66 } }, Database: { acquireCount: { w: 1 } }, Collection: { acquireCount: { W: 1 } } } 119ms
2015-03-21T23:12:58.172+0800 I COMMAND  [conn68] command iii-2015.$cmd command: insert { insert: "usersNonIndex", documents: [ { _id: ObjectId('550d8a7a8afb8269ab01a480'), i: 794428.0, username: "user794428", age: 88.0, created: new Date(1426950778051) } ], ordered: true } keyUpdates:0 writeConflicts:0 numYields:0 reslen:40 locks:{} 120ms
2015-03-21T23:13:00.552+0800 I WRITE    [conn68] insert iii-2015.usersNonIndex query: { _id: ObjectId('550d8a7c8afb8269ab01af6e'), i: 797226.0, username: "user797226", age: 116.0, created: new Date(1426950780339) } ninserted:1 keyUpdates:0 writeConflicts:0 numYields:0 locks:{ Global: { acquireCount: { w: 1 } }, MMAPV1Journal: { acquireCount: { w: 2 }, acquireWaitCount: { w: 1 }, timeAcquiringMicros: { w: 119643 } }, Database: { acquireCount: { w: 1 } }, Collection: { acquireCount: { W: 1 } } } 213ms
2015-03-21T23:13:00.553+0800 I COMMAND  [conn68] command iii-2015.$cmd command: insert { insert: "usersNonIndex", documents: [ { _id: ObjectId('550d8a7c8afb8269ab01af6e'), i: 797226.0, username: "user797226", age: 116.0, created: new Date(1426950780339) } ], ordered: true } keyUpdates:0 writeConflicts:0 numYields:0 reslen:40 locks:{} 213ms
2015-03-21T23:13:02.013+0800 I WRITE    [conn68] insert iii-2015.usersNonIndex query: { _id: ObjectId('550d8a7d8afb8269ab01b4ea'), i: 798630.0, username: "user798630", age: 45.0, created: new Date(1426950781805) } ninserted:1 keyUpdates:0 writeConflicts:0 numYields:0 locks:{ Global: { acquireCount: { w: 1 } }, MMAPV1Journal: { acquireCount: { w: 2 }, acquireWaitCount: { w: 1 }, timeAcquiringMicros: { w: 207653 } }, Database: { acquireCount: { w: 1 } }, Collection: { acquireCount: { W: 1 } } } 207ms
2015-03-21T23:13:02.078+0800 I COMMAND  [conn68] command iii-2015.$cmd command: insert { insert: "usersNonIndex", documents: [ { _id: ObjectId('550d8a7d8afb8269ab01b4ea'), i: 798630.0, username: "user798630", age: 45.0, created: new Date(1426950781805) } ], ordered: true } keyUpdates:0 writeConflicts:0 numYields:0 reslen:40 locks:{} 273ms
2015-03-21T23:13:14.579+0800 I WRITE    [conn68] insert iii-2015.usersNonIndex query: { _id: ObjectId('550d8a8a8afb8269ab01f687'), i: 815427.0, username: "user815427", age: 30.0, created: new Date(1426950794341) } ninserted:1 keyUpdates:0 writeConflicts:0 numYields:0 locks:{ Global: { acquireCount: { w: 1 } }, MMAPV1Journal: { acquireCount: { w: 2 }, acquireWaitCount: { w: 1 }, timeAcquiringMicros: { w: 47807 } }, Database: { acquireCount: { w: 1 } }, Collection: { acquireCount: { W: 1 } } } 237ms
2015-03-21T23:13:14.613+0800 I COMMAND  [conn68] command iii-2015.$cmd command: insert { insert: "usersNonIndex", documents: [ { _id: ObjectId('550d8a8a8afb8269ab01f687'), i: 815427.0, username: "user815427", age: 30.0, created: new Date(1426950794341) } ], ordered: true } keyUpdates:0 writeConflicts:0 numYields:0 reslen:40 locks:{} 271ms
2015-03-21T23:13:17.396+0800 I WRITE    [conn68] insert iii-2015.usersNonIndex query: { _id: ObjectId('550d8a8d8afb8269ab02056e'), i: 819242.0, username: "user819242", age: 65.0, created: new Date(1426950797286) } ninserted:1 keyUpdates:0 writeConflicts:0 numYields:0 locks:{ Global: { acquireCount: { w: 1 } }, MMAPV1Journal: { acquireCount: { w: 2 }, acquireWaitCount: { w: 1 }, timeAcquiringMicros: { w: 138 } }, Database: { acquireCount: { w: 1 } }, Collection: { acquireCount: { W: 1 } } } 110ms
2015-03-21T23:13:17.478+0800 I COMMAND  [conn68] command iii-2015.$cmd command: insert { insert: "usersNonIndex", documents: [ { _id: ObjectId('550d8a8d8afb8269ab02056e'), i: 819242.0, username: "user819242", age: 65.0, created: new Date(1426950797286) } ], ordered: true } keyUpdates:0 writeConflicts:0 numYields:0 reslen:40 locks:{} 191ms
2015-03-21T23:13:18.245+0800 I WRITE    [conn68] insert iii-2015.usersNonIndex query: { _id: ObjectId('550d8a8e8afb8269ab02094e'), i: 820234.0, username: "user820234", age: 75.0, created: new Date(1426950798059) } ninserted:1 keyUpdates:0 writeConflicts:0 numYields:0 locks:{ Global: { acquireCount: { w: 1 } }, MMAPV1Journal: { acquireCount: { w: 2 }, acquireWaitCount: { w: 1 }, timeAcquiringMicros: { w: 38 } }, Database: { acquireCount: { w: 1 } }, Collection: { acquireCount: { W: 1 } } } 185ms
2015-03-21T23:13:18.245+0800 I COMMAND  [conn68] command iii-2015.$cmd command: insert { insert: "usersNonIndex", documents: [ { _id: ObjectId('550d8a8e8afb8269ab02094e'), i: 820234.0, username: "user820234", age: 75.0, created: new Date(1426950798059) } ], ordered: true } keyUpdates:0 writeConflicts:0 numYields:0 reslen:40 locks:{} 186ms
2015-03-21T23:13:20.667+0800 I WRITE    [conn68] insert iii-2015.usersNonIndex query: { _id: ObjectId('550d8a908afb8269ab02196e'), i: 824362.0, username: "user824362", age: 21.0, created: new Date(1426950800539) } ninserted:1 keyUpdates:0 writeConflicts:0 numYields:0 locks:{ Global: { acquireCount: { w: 1 } }, MMAPV1Journal: { acquireCount: { w: 2 }, acquireWaitCount: { w: 1 }, timeAcquiringMicros: { w: 70 } }, Database: { acquireCount: { w: 1 } }, Collection: { acquireCount: { W: 1 } } } 127ms
2015-03-21T23:13:20.713+0800 I COMMAND  [conn68] command iii-2015.$cmd command: insert { insert: "usersNonIndex", documents: [ { _id: ObjectId('550d8a908afb8269ab02196e'), i: 824362.0, username: "user824362", age: 21.0, created: new Date(1426950800539) } ], ordered: true } keyUpdates:0 writeConflicts:0 numYields:0 reslen:40 locks:{} 173ms
2015-03-21T23:13:43.056+0800 I WRITE    [conn68] insert iii-2015.usersNonIndex query: { _id: ObjectId('550d8aa68afb8269ab02e0a7'), i: 875363.0, username: "user875363", age: 59.0, created: new Date(1426950822905) } ninserted:1 keyUpdates:0 writeConflicts:0 numYields:0 locks:{ Global: { acquireCount: { w: 1 } }, MMAPV1Journal: { acquireCount: { w: 2 }, acquireWaitCount: { w: 1 }, timeAcquiringMicros: { w: 150586 } }, Database: { acquireCount: { w: 1 } }, Collection: { acquireCount: { W: 1 } } } 150ms
2015-03-21T23:13:43.071+0800 I COMMAND  [conn68] command iii-2015.$cmd command: insert { insert: "usersNonIndex", documents: [ { _id: ObjectId('550d8aa68afb8269ab02e0a7'), i: 875363.0, username: "user875363", age: 59.0, created: new Date(1426950822905) } ], ordered: true } keyUpdates:0 writeConflicts:0 numYields:0 reslen:40 locks:{} 165ms
2015-03-21T23:14:25.099+0800 I STORAGE  [FileAllocator] allocating new datafile /Volumes/newSpace/iii_mongodb_demo/iii_db/iii-2015.2, filling with zeroes...
2015-03-21T23:14:29.261+0800 I STORAGE  [FileAllocator] done allocating datafile /Volumes/newSpace/iii_mongodb_demo/iii_db/iii-2015.2, size: 256MB,  took 4.045 secs
2015-03-21T23:14:29.337+0800 I STORAGE  [conn68] MmapV1ExtentManager took 4 seconds to open: /Volumes/newSpace/iii_mongodb_demo/iii_db/iii-2015.2
2015-03-21T23:14:29.337+0800 I WRITE    [conn68] insert iii-2015.usersNonIndex query: { _id: ObjectId('550d8ad18afb8269ab044b6e'), i: 968234.0, username: "user968234", age: 119.0, created: new Date(1426950865074) } ninserted:1 keyUpdates:0 writeConflicts:0 numYields:0 locks:{ Global: { acquireCount: { w: 1 } }, MMAPV1Journal: { acquireCount: { w: 2 }, acquireWaitCount: { w: 1 }, timeAcquiringMicros: { w: 121 } }, Database: { acquireCount: { w: 1 } }, Collection: { acquireCount: { W: 1 } }, Metadata: { acquireCount: { W: 1 } } } 4263ms
2015-03-21T23:14:29.338+0800 I COMMAND  [conn68] command iii-2015.$cmd command: insert { insert: "usersNonIndex", documents: [ { _id: ObjectId('550d8ad18afb8269ab044b6e'), i: 968234.0, username: "user968234", age: 119.0, created: new Date(1426950865074) } ], ordered: true } keyUpdates:0 writeConflicts:0 numYields:0 reslen:40 locks:{} 4263ms
2015-03-21T23:15:43.215+0800 I WRITE    [conn69] insert iii-2015.usersIndex query: { _id: ObjectId('550d8b1feb118cf27c00003f'), i: 6774.0, username: "user6774", age: 103.0, created: new Date(1426950943015) } ninserted:1 keyUpdates:0 writeConflicts:0 numYields:0 locks:{ Global: { acquireCount: { w: 1 } }, MMAPV1Journal: { acquireCount: { w: 2 }, acquireWaitCount: { w: 1 }, timeAcquiringMicros: { w: 190080 } }, Database: { acquireCount: { w: 1 } }, Collection: { acquireCount: { W: 1 } } } 190ms
2015-03-21T23:15:43.351+0800 I COMMAND  [conn69] command iii-2015.$cmd command: insert { insert: "usersIndex", documents: [ { _id: ObjectId('550d8b1feb118cf27c00003f'), i: 6774.0, username: "user6774", age: 103.0, created: new Date(1426950943015) } ], ordered: true } keyUpdates:0 writeConflicts:0 numYields:0 reslen:40 locks:{} 325ms
2015-03-21T23:16:12.962+0800 I WRITE    [conn69] insert iii-2015.usersIndex query: { _id: ObjectId('550d8b3ceb118cf27c00f1f6'), i: 68653.0, username: "user68653", age: 119.0, created: new Date(1426950972771) } ninserted:1 keyUpdates:0 writeConflicts:0 numYields:0 locks:{ Global: { acquireCount: { w: 1 } }, MMAPV1Journal: { acquireCount: { w: 2 }, acquireWaitCount: { w: 1 }, timeAcquiringMicros: { w: 99 } }, Database: { acquireCount: { w: 1 } }, Collection: { acquireCount: { W: 1 } } } 191ms
2015-03-21T23:16:12.984+0800 I COMMAND  [conn69] command iii-2015.$cmd command: insert { insert: "usersIndex", documents: [ { _id: ObjectId('550d8b3ceb118cf27c00f1f6'), i: 68653.0, username: "user68653", age: 119.0, created: new Date(1426950972771) } ], ordered: true } keyUpdates:0 writeConflicts:0 numYields:0 reslen:40 locks:{} 212ms
2015-03-21T23:16:40.886+0800 I WRITE    [conn69] insert iii-2015.usersIndex query: { _id: ObjectId('550d8b58eb118cf27c01cb6d'), i: 124324.0, username: "user124324", age: 6.0, created: new Date(1426951000513) } ninserted:1 keyUpdates:0 writeConflicts:0 numYields:0 locks:{ Global: { acquireCount: { w: 1 } }, MMAPV1Journal: { acquireCount: { w: 2 }, acquireWaitCount: { w: 1 }, timeAcquiringMicros: { w: 373339 } }, Database: { acquireCount: { w: 1 } }, Collection: { acquireCount: { W: 1 } } } 373ms
2015-03-21T23:16:40.924+0800 I COMMAND  [conn69] command iii-2015.$cmd command: insert { insert: "usersIndex", documents: [ { _id: ObjectId('550d8b58eb118cf27c01cb6d'), i: 124324.0, username: "user124324", age: 6.0, created: new Date(1426951000513) } ], ordered: true } keyUpdates:0 writeConflicts:0 numYields:0 reslen:40 locks:{} 411ms
2015-03-21T23:17:43.113+0800 I WRITE    [conn69] insert iii-2015.usersIndex query: { _id: ObjectId('550d8b96eb118cf27c03b354'), i: 249227.0, username: "user249227", age: 4.0, created: new Date(1426951062869) } ninserted:1 keyUpdates:0 writeConflicts:0 numYields:0 locks:{ Global: { acquireCount: { w: 1 } }, MMAPV1Journal: { acquireCount: { w: 2 }, acquireWaitCount: { w: 1 }, timeAcquiringMicros: { w: 243023 } }, Database: { acquireCount: { w: 1 } }, Collection: { acquireCount: { W: 1 } } } 243ms
2015-03-21T23:17:43.206+0800 I COMMAND  [conn69] command iii-2015.$cmd command: insert { insert: "usersIndex", documents: [ { _id: ObjectId('550d8b96eb118cf27c03b354'), i: 249227.0, username: "user249227", age: 4.0, created: new Date(1426951062869) } ], ordered: true } keyUpdates:0 writeConflicts:0 numYields:0 reslen:40 locks:{} 336ms
2015-03-21T23:19:13.079+0800 I WRITE    [conn69] insert iii-2015.usersIndex query: { _id: ObjectId('550d8bf0eb118cf27c06656a'), i: 425889.0, username: "user425889", age: 72.0, created: new Date(1426951152867) } ninserted:1 keyUpdates:0 writeConflicts:0 numYields:0 locks:{ Global: { acquireCount: { w: 1 } }, MMAPV1Journal: { acquireCount: { w: 2 }, acquireWaitCount: { w: 1 }, timeAcquiringMicros: { w: 198 } }, Database: { acquireCount: { w: 1 } }, Collection: { acquireCount: { W: 1 } } } 211ms
2015-03-21T23:19:13.237+0800 I COMMAND  [conn69] command iii-2015.$cmd command: insert { insert: "usersIndex", documents: [ { _id: ObjectId('550d8bf0eb118cf27c06656a'), i: 425889.0, username: "user425889", age: 72.0, created: new Date(1426951152867) } ], ordered: true } keyUpdates:0 writeConflicts:0 numYields:0 reslen:40 locks:{} 369ms
2015-03-21T23:19:43.401+0800 I WRITE    [conn69] insert iii-2015.usersIndex query: { _id: ObjectId('550d8c0feb118cf27c07512e'), i: 486245.0, username: "user486245", age: 83.0, created: new Date(1426951183188) } ninserted:1 keyUpdates:0 writeConflicts:0 numYields:0 locks:{ Global: { acquireCount: { w: 1 } }, MMAPV1Journal: { acquireCount: { w: 2 }, acquireWaitCount: { w: 1 }, timeAcquiringMicros: { w: 212025 } }, Database: { acquireCount: { w: 1 } }, Collection: { acquireCount: { W: 1 } } } 212ms
2015-03-21T23:19:43.419+0800 I COMMAND  [conn69] command iii-2015.$cmd command: insert { insert: "usersIndex", documents: [ { _id: ObjectId('550d8c0feb118cf27c07512e'), i: 486245.0, username: "user486245", age: 83.0, created: new Date(1426951183188) } ], ordered: true } keyUpdates:0 writeConflicts:0 numYields:0 reslen:40 locks:{} 230ms
2015-03-21T23:20:19.051+0800 I WRITE    [conn69] insert iii-2015.usersIndex query: { _id: ObjectId('550d8c32eb118cf27c08684b'), i: 557698.0, username: "user557698", age: 25.0, created: new Date(1426951218916) } ninserted:1 keyUpdates:0 writeConflicts:0 numYields:0 locks:{ Global: { acquireCount: { w: 1 } }, MMAPV1Journal: { acquireCount: { w: 2 }, acquireWaitCount: { w: 1 }, timeAcquiringMicros: { w: 134999 } }, Database: { acquireCount: { w: 1 } }, Collection: { acquireCount: { W: 1 } } } 135ms
2015-03-21T23:20:19.076+0800 I COMMAND  [conn69] command iii-2015.$cmd command: insert { insert: "usersIndex", documents: [ { _id: ObjectId('550d8c32eb118cf27c08684b'), i: 557698.0, username: "user557698", age: 25.0, created: new Date(1426951218916) } ], ordered: true } keyUpdates:0 writeConflicts:0 numYields:0 reslen:40 locks:{} 160ms
2015-03-21T23:20:43.140+0800 I WRITE    [conn69] insert iii-2015.usersIndex query: { _id: ObjectId('550d8c4aeb118cf27c09066f'), i: 598182.0, username: "user598182", age: 58.0, created: new Date(1426951242812) } ninserted:1 keyUpdates:0 writeConflicts:0 numYields:0 locks:{ Global: { acquireCount: { w: 1 } }, MMAPV1Journal: { acquireCount: { w: 2 }, acquireWaitCount: { w: 1 }, timeAcquiringMicros: { w: 24159 } }, Database: { acquireCount: { w: 1 } }, Collection: { acquireCount: { W: 1 } } } 328ms
2015-03-21T23:20:43.159+0800 I COMMAND  [conn69] command iii-2015.$cmd command: insert { insert: "usersIndex", documents: [ { _id: ObjectId('550d8c4aeb118cf27c09066f'), i: 598182.0, username: "user598182", age: 58.0, created: new Date(1426951242812) } ], ordered: true } keyUpdates:0 writeConflicts:0 numYields:0 reslen:40 locks:{} 346ms
2015-03-21T23:21:13.115+0800 I WRITE    [conn69] insert iii-2015.usersIndex query: { _id: ObjectId('550d8c68eb118cf27c09bb95'), i: 644556.0, username: "user644556", age: 80.0, created: new Date(1426951272803) } ninserted:1 keyUpdates:0 writeConflicts:0 numYields:0 locks:{ Global: { acquireCount: { w: 1 } }, MMAPV1Journal: { acquireCount: { w: 2 }, acquireWaitCount: { w: 1 }, timeAcquiringMicros: { w: 521 } }, Database: { acquireCount: { w: 1 } }, Collection: { acquireCount: { W: 1 } } } 311ms
2015-03-21T23:21:13.125+0800 I COMMAND  [conn69] command iii-2015.$cmd command: insert { insert: "usersIndex", documents: [ { _id: ObjectId('550d8c68eb118cf27c09bb95'), i: 644556.0, username: "user644556", age: 80.0, created: new Date(1426951272803) } ], ordered: true } keyUpdates:0 writeConflicts:0 numYields:0 reslen:40 locks:{} 321ms
2015-03-21T23:22:31.631+0800 I WRITE    [conn69] insert iii-2015.usersIndex query: { _id: ObjectId('550d8cb7eb118cf27c0bfc71'), i: 792232.0, username: "user792232", age: 77.0, created: new Date(1426951351526) } ninserted:1 keyUpdates:0 writeConflicts:0 numYields:0 locks:{ Global: { acquireCount: { w: 1 } }, MMAPV1Journal: { acquireCount: { w: 2 }, acquireWaitCount: { w: 1 }, timeAcquiringMicros: { w: 103282 } }, Database: { acquireCount: { w: 1 } }, Collection: { acquireCount: { W: 1 } } } 103ms
2015-03-21T23:22:31.831+0800 I COMMAND  [conn69] command iii-2015.$cmd command: insert { insert: "usersIndex", documents: [ { _id: ObjectId('550d8cb7eb118cf27c0bfc71'), i: 792232.0, username: "user792232", age: 77.0, created: new Date(1426951351526) } ], ordered: true } keyUpdates:0 writeConflicts:0 numYields:0 reslen:40 locks:{} 303ms
2015-03-21T23:22:39.234+0800 I WRITE    [conn69] insert iii-2015.usersIndex query: { _id: ObjectId('550d8cbfeb118cf27c0c285b'), i: 803474.0, username: "user803474", age: 23.0, created: new Date(1426951359130) } ninserted:1 keyUpdates:0 writeConflicts:0 numYields:0 locks:{ Global: { acquireCount: { w: 1 } }, MMAPV1Journal: { acquireCount: { w: 2 }, acquireWaitCount: { w: 1 }, timeAcquiringMicros: { w: 103864 } }, Database: { acquireCount: { w: 1 } }, Collection: { acquireCount: { W: 1 } } } 103ms
2015-03-21T23:22:39.235+0800 I COMMAND  [conn69] command iii-2015.$cmd command: insert { insert: "usersIndex", documents: [ { _id: ObjectId('550d8cbfeb118cf27c0c285b'), i: 803474.0, username: "user803474", age: 23.0, created: new Date(1426951359130) } ], ordered: true } keyUpdates:0 writeConflicts:0 numYields:0 reslen:40 locks:{} 104ms
2015-03-21T23:22:43.737+0800 I WRITE    [conn69] insert iii-2015.usersIndex query: { _id: ObjectId('550d8cc3eb118cf27c0c4182'), i: 809913.0, username: "user809913", age: 106.0, created: new Date(1426951363473) } ninserted:1 keyUpdates:0 writeConflicts:0 numYields:0 locks:{ Global: { acquireCount: { w: 1 } }, MMAPV1Journal: { acquireCount: { w: 2 }, acquireWaitCount: { w: 1 }, timeAcquiringMicros: { w: 263450 } }, Database: { acquireCount: { w: 1 } }, Collection: { acquireCount: { W: 1 } } } 263ms
2015-03-21T23:22:43.814+0800 I COMMAND  [conn69] command iii-2015.$cmd command: insert { insert: "usersIndex", documents: [ { _id: ObjectId('550d8cc3eb118cf27c0c4182'), i: 809913.0, username: "user809913", age: 106.0, created: new Date(1426951363473) } ], ordered: true } keyUpdates:0 writeConflicts:0 numYields:0 reslen:40 locks:{} 340ms
2015-03-21T23:23:41.178+0800 I WRITE    [conn69] insert iii-2015.usersIndex query: { _id: ObjectId('550d8cfdeb118cf27c0dbd20'), i: 907095.0, username: "user907095", age: 22.0, created: new Date(1426951421041) } ninserted:1 keyUpdates:0 writeConflicts:0 numYields:0 locks:{ Global: { acquireCount: { w: 1 } }, MMAPV1Journal: { acquireCount: { w: 2 }, acquireWaitCount: { w: 1 }, timeAcquiringMicros: { w: 86 } }, Database: { acquireCount: { w: 1 } }, Collection: { acquireCount: { W: 1 } } } 135ms
2015-03-21T23:23:41.471+0800 I COMMAND  [conn69] command iii-2015.$cmd command: insert { insert: "usersIndex", documents: [ { _id: ObjectId('550d8cfdeb118cf27c0dbd20'), i: 907095.0, username: "user907095", age: 22.0, created: new Date(1426951421041) } ], ordered: true } keyUpdates:0 writeConflicts:0 numYields:0 reslen:40 locks:{} 428ms
2015-03-21T23:24:13.334+0800 I WRITE    [conn69] insert iii-2015.usersIndex query: { _id: ObjectId('550d8d1deb118cf27c0e66e7'), i: 950558.0, username: "user950558", age: 80.0, created: new Date(1426951453093) } ninserted:1 keyUpdates:0 writeConflicts:0 numYields:0 locks:{ Global: { acquireCount: { w: 1 } }, MMAPV1Journal: { acquireCount: { w: 2 }, acquireWaitCount: { w: 1 }, timeAcquiringMicros: { w: 240240 } }, Database: { acquireCount: { w: 1 } }, Collection: { acquireCount: { W: 1 } } } 240ms
2015-03-21T23:24:13.353+0800 I COMMAND  [conn69] command iii-2015.$cmd command: insert { insert: "usersIndex", documents: [ { _id: ObjectId('550d8d1deb118cf27c0e66e7'), i: 950558.0, username: "user950558", age: 80.0, created: new Date(1426951453093) } ], ordered: true } keyUpdates:0 writeConflicts:0 numYields:0 reslen:40 locks:{} 260ms
2015-03-21T23:24:43.472+0800 I WRITE    [conn69] insert iii-2015.usersIndex query: { _id: ObjectId('550d8d3beb118cf27c0f11a5'), i: 994268.0, username: "user994268", age: 14.0, created: new Date(1426951483200) } ninserted:1 keyUpdates:0 writeConflicts:0 numYields:0 locks:{ Global: { acquireCount: { w: 1 } }, MMAPV1Journal: { acquireCount: { w: 2 }, acquireWaitCount: { w: 1 }, timeAcquiringMicros: { w: 272182 } }, Database: { acquireCount: { w: 1 } }, Collection: { acquireCount: { W: 1 } } } 272ms
2015-03-21T23:24:43.502+0800 I COMMAND  [conn69] command iii-2015.$cmd command: insert { insert: "usersIndex", documents: [ { _id: ObjectId('550d8d3beb118cf27c0f11a5'), i: 994268.0, username: "user994268", age: 14.0, created: new Date(1426951483200) } ], ordered: true } keyUpdates:0 writeConflicts:0 numYields:0 reslen:40 locks:{} 302ms
2015-03-21T23:27:24.688+0800 I INDEX    [conn70] build index on: iii-2015.usersIndex properties: { v: 1, key: { username: 1.0 }, name: "username_1", ns: "iii-2015.usersIndex" }
2015-03-21T23:27:24.706+0800 I INDEX    [conn70] 	 building index using bulk method
2015-03-21T23:27:27.046+0800 I -        [conn70]   Index Build: 597800/1000000 59%
2015-03-21T23:27:34.042+0800 I INDEX    [conn70] build index done.  scanned 1000000 total records. 9 secs
2015-03-21T23:27:34.215+0800 I COMMAND  [conn70] command iii-2015.$cmd command: createIndexes { createIndexes: "usersIndex", indexes: [ { key: { username: 1.0 }, name: "username_1" } ] } keyUpdates:0 writeConflicts:0 numYields:0 reslen:113 locks:{} 9632ms
2015-03-21T23:35:05.617+0800 I COMMAND  [conn71] command iii-2015.$cmd command: explain { explain: { find: "usersNonIndex", filter: { username: "user101" }, options: {} }, verbosity: "queryPlanner" } keyUpdates:0 writeConflicts:0 numYields:0 reslen:441 locks:{} 122ms
2015-03-21T23:48:08.291+0800 I COMMAND  [conn75] command iii-2015.$cmd command: explain { explain: { find: "usersNonIndex", filter: { username: "user101" }, options: {} }, verbosity: "executionStats" } keyUpdates:0 writeConflicts:0 numYields:7887 reslen:858 locks:{} 2428ms
2015-03-21T23:50:01.128+0800 I COMMAND  [conn76] command iii-2015.$cmd command: explain { explain: { find: "usersNonIndex", filter: { username: "user101" }, options: {} }, verbosity: "executionStats" } keyUpdates:0 writeConflicts:0 numYields:7812 reslen:858 locks:{} 581ms
2015-03-21T23:59:48.282+0800 I COMMAND  [conn78] command iii-2015.$cmd command: explain { explain: { find: "usersNonIndex", filter: { username: "user999999" }, limit: 1.0, singleBatch: true, options: {} }, verbosity: "executionStats" } keyUpdates:0 writeConflicts:0 numYields:7812 reslen:1132 locks:{} 615ms
2015-03-22T00:02:21.927+0800 I COMMAND  [conn79] command iii-2015.$cmd command: explain { explain: { find: "usersIndex", filter: {}, limit: 100000.0, singleBatch: true, sort: { age: 1.0, username: 1.0 }, options: {} }, verbosity: "executionStats" } keyUpdates:0 writeConflicts:0 numYields:7819 reslen:1181 locks:{} 8042ms
2015-03-22T00:03:56.762+0800 I INDEX    [conn80] build index on: iii-2015.usersIndex properties: { v: 1, key: { age: 1.0, username: 1.0 }, name: "age_1_username_1", ns: "iii-2015.usersIndex" }
2015-03-22T00:03:56.777+0800 I INDEX    [conn80] 	 building index using bulk method
2015-03-22T00:03:59.010+0800 I -        [conn80]   Index Build: 569800/1000000 56%
2015-03-22T00:04:02.558+0800 I STORAGE  [FileAllocator] allocating new datafile /Volumes/newSpace/iii_mongodb_demo/iii_db/iii-2015.3, filling with zeroes...
2015-03-22T00:04:12.042+0800 I STORAGE  [FileAllocator] done allocating datafile /Volumes/newSpace/iii_mongodb_demo/iii_db/iii-2015.3, size: 512MB,  took 9.462 secs
2015-03-22T00:04:12.234+0800 I STORAGE  [conn80] MmapV1ExtentManager took 9 seconds to open: /Volumes/newSpace/iii_mongodb_demo/iii_db/iii-2015.3
2015-03-22T00:04:12.310+0800 I -        [conn80]   Index: (2/3) BTree Bottom Up Progress: 17000/1000000 1%
2015-03-22T00:04:16.309+0800 I INDEX    [conn80] 	 done building bottom layer, going to commit
2015-03-22T00:04:16.356+0800 I INDEX    [conn80] build index done.  scanned 1000000 total records. 19 secs
2015-03-22T00:04:16.731+0800 I COMMAND  [conn80] command iii-2015.$cmd command: createIndexes { createIndexes: "usersIndex", indexes: [ { key: { age: 1.0, username: 1.0 }, name: "age_1_username_1" } ] } keyUpdates:0 writeConflicts:0 numYields:0 reslen:113 locks:{} 20150ms
2015-03-22T00:10:36.196+0800 I QUERY    [conn83] query iii-2015.usersIndex query: { query: {}, orderby: { age: 1.0, username: 1.0 } } planSummary: IXSCAN { age: 1.0, username: 1.0 } cursorid:589390478274 ntoreturn:100000 ntoskip:0 nscanned:47722 nscannedObjects:47722 keyUpdates:0 writeConflicts:0 numYields:382 nreturned:47722 reslen:4194356 locks:{} 1172ms
2015-03-22T00:12:15.946+0800 I COMMAND  [conn86] command iii-2015.$cmd command: explain { explain: { find: "usersNonIndex", filter: {}, limit: 100000.0, singleBatch: true, sort: { age: 1.0, username: 1.0 }, options: {} }, verbosity: "executionStats" } keyUpdates:0 writeConflicts:0 numYields:7822 reslen:1184 locks:{} 8713ms
2015-03-22T00:14:29.084+0800 I INDEX    [conn87] build index on: iii-2015.usersIndex properties: { v: 1, key: { username: 1.0, age: 1.0 }, name: "username_1_age_1", ns: "iii-2015.usersIndex" }
2015-03-22T00:14:29.135+0800 I INDEX    [conn87] 	 building index using bulk method
2015-03-22T00:14:32.000+0800 I -        [conn87]   Index Build: 393700/1000000 39%
2015-03-22T00:14:35.020+0800 I -        [conn87]   Index Build: 956900/1000000 95%
2015-03-22T00:14:38.928+0800 I INDEX    [conn87] build index done.  scanned 1000000 total records. 9 secs
2015-03-22T00:14:39.166+0800 I JOURNAL  [journal writer] DR101 latency warning on journal file open 285ms
2015-03-22T00:14:39.327+0800 I COMMAND  [conn87] command iii-2015.$cmd command: createIndexes { createIndexes: "usersIndex", indexes: [ { key: { username: 1.0, age: 1.0 }, name: "username_1_age_1" } ] } keyUpdates:0 writeConflicts:0 numYields:0 reslen:113 locks:{} 10306ms
2015-03-22T00:16:30.388+0800 I COMMAND  [conn88] command iii-2015.$cmd command: explain { explain: { find: "usersIndex", filter: {}, limit: 100000.0, singleBatch: true, sort: { age: 1.0, username: 1.0 }, options: {} }, verbosity: "executionStats" } keyUpdates:0 writeConflicts:0 numYields:1 reslen:1712 locks:{} 197ms
2015-03-22T00:18:11.234+0800 I COMMAND  [conn89] command iii-2015.$cmd command: explain { explain: { find: "usersIndex", filter: {}, limit: 100000.0, singleBatch: true, sort: { age: 1.0, username: 1.0 }, hint: { username: 1.0, age: 1.0 }, options: {} }, verbosity: "executionStats" } keyUpdates:0 writeConflicts:0 numYields:7819 reslen:2085 locks:{} 7165ms
2015-03-22T00:22:01.891+0800 I COMMAND  [conn91] command iii-2015.$cmd command: explain { explain: { find: "usersIndex", filter: { age: { $gte: 21.0, $lte: 30.0 } }, limit: 10000.0, singleBatch: true, sort: { username: 1.0 }, hint: { age: 1.0, username: 1.0 }, options: {} }, verbosity: "executionStats" } keyUpdates:0 writeConflicts:0 numYields:649 reslen:2115 locks:{} 620ms
2015-03-22T00:22:02.921+0800 I COMMAND  [conn91] command iii-2015.$cmd command: explain { explain: { find: "usersIndex", filter: { age: { $gte: 21.0, $lte: 30.0 } }, limit: 10000.0, singleBatch: true, sort: { username: 1.0 }, hint: { $natural: 1.0 }, options: {} }, verbosity: "executionStats" } keyUpdates:0 writeConflicts:0 numYields:7813 reslen:1347 locks:{} 1006ms
2015-03-22T00:22:15.029+0800 I COMMAND  [conn92] command iii-2015.$cmd command: explain { explain: { find: "usersIndex", filter: { age: { $gte: 21.0, $lte: 30.0 } }, limit: 10000.0, singleBatch: true, sort: { username: 1.0 }, hint: { age: 1.0, username: 1.0 }, options: {} }, verbosity: "executionStats" } keyUpdates:0 writeConflicts:0 numYields:648 reslen:2115 locks:{} 488ms
2015-03-22T00:22:16.078+0800 I COMMAND  [conn92] command iii-2015.$cmd command: explain { explain: { find: "usersIndex", filter: { age: { $gte: 21.0, $lte: 30.0 } }, limit: 10000.0, singleBatch: true, sort: { username: 1.0 }, hint: { $natural: 1.0 }, options: {} }, verbosity: "executionStats" } keyUpdates:0 writeConflicts:0 numYields:7813 reslen:1347 locks:{} 1044ms
2015-03-22T00:22:18.496+0800 I COMMAND  [conn93] command iii-2015.$cmd command: explain { explain: { find: "usersIndex", filter: { age: { $gte: 21.0, $lte: 30.0 } }, limit: 10000.0, singleBatch: true, sort: { username: 1.0 }, hint: { age: 1.0, username: 1.0 }, options: {} }, verbosity: "executionStats" } keyUpdates:0 writeConflicts:0 numYields:648 reslen:2115 locks:{} 506ms
2015-03-22T00:22:19.534+0800 I COMMAND  [conn93] command iii-2015.$cmd command: explain { explain: { find: "usersIndex", filter: { age: { $gte: 21.0, $lte: 30.0 } }, limit: 10000.0, singleBatch: true, sort: { username: 1.0 }, hint: { $natural: 1.0 }, options: {} }, verbosity: "executionStats" } keyUpdates:0 writeConflicts:0 numYields:7813 reslen:1347 locks:{} 1034ms
2015-03-22T00:22:22.142+0800 I COMMAND  [conn94] command iii-2015.$cmd command: explain { explain: { find: "usersIndex", filter: { age: { $gte: 21.0, $lte: 30.0 } }, limit: 10000.0, singleBatch: true, sort: { username: 1.0 }, hint: { age: 1.0, username: 1.0 }, options: {} }, verbosity: "executionStats" } keyUpdates:0 writeConflicts:0 numYields:648 reslen:2115 locks:{} 485ms
2015-03-22T00:22:23.196+0800 I COMMAND  [conn94] command iii-2015.$cmd command: explain { explain: { find: "usersIndex", filter: { age: { $gte: 21.0, $lte: 30.0 } }, limit: 10000.0, singleBatch: true, sort: { username: 1.0 }, hint: { $natural: 1.0 }, options: {} }, verbosity: "executionStats" } keyUpdates:0 writeConflicts:0 numYields:7813 reslen:1347 locks:{} 1049ms
2015-03-22T00:32:05.800+0800 I INDEX    [conn97] build index on: iii-2015.ttl_coll properties: { v: 1, key: { lastUpdated: 1.0 }, name: "lastUpdated_1", ns: "iii-2015.ttl_coll", expireAfterSeconds: 10.0 }
2015-03-22T00:32:05.813+0800 I INDEX    [conn97] 	 building index using bulk method
2015-03-22T00:32:05.813+0800 I INDEX    [conn97] build index done.  scanned 0 total records. 0 secs
2015-03-22T00:35:17.008+0800 I COMMAND  [conn117] command iii-2015.$cmd command: aggregate { aggregate: "usersIndex", pipeline: [ { $match: { age: 15.0 } }, { $project: { NAME: "$username", age: 1.0 } }, { $limit: 5.0 } ], cursor: {} } keyUpdates:0 writeConflicts:0 numYields:65 reslen:401 locks:{} 150ms
2015-03-22T14:07:59.960+0800 I QUERY    [conn118] query iii-2015.usersIndex planSummary: COLLSCAN ntoskip:0 nscanned:0 nscannedObjects:1 keyUpdates:0 writeConflicts:0 numYields:2 nreturned:1 reslen:103 locks:{} 182ms
2015-03-22T14:09:44.148+0800 I COMMAND  [conn120] command iii-2015.$cmd command: aggregate { aggregate: "usersIndex", pipeline: [ { $match: { age: 15.0 } }, { $limit: 5.0 }, { $project: { NAME: "$username", add100Years: { $add: [ "$age", 100.0 ] } } } ], cursor: {} } keyUpdates:0 writeConflicts:0 numYields:2 reslen:441 locks:{} 283ms
2015-03-22T14:11:48.734+0800 I WRITE    [conn121] insert iii-2015.employee query: { _id: ObjectId('550e5d24fe5c276a6a5951c6'), name: "Alen", hireDate: new Date(1331740800000), salary: 50000.0, bonus: 10000.0, 401k: 2000.0 } ninserted:1 keyUpdates:0 writeConflicts:0 numYields:0 locks:{ Global: { acquireCount: { w: 2 } }, MMAPV1Journal: { acquireCount: { w: 4 }, acquireWaitCount: { w: 2 }, timeAcquiringMicros: { w: 1372 } }, Database: { acquireCount: { w: 1, W: 1 } }, Collection: { acquireCount: { W: 2 } }, Metadata: { acquireCount: { W: 2 } } } 136ms
2015-03-22T14:11:48.774+0800 I COMMAND  [conn121] command iii-2015.$cmd command: insert { insert: "employee", documents: 6, ordered: true } keyUpdates:0 writeConflicts:0 numYields:0 reslen:40 locks:{} 213ms
2015-03-22T14:22:31.609+0800 I COMMAND  [conn127] command iii-2015.$cmd command: aggregate { aggregate: "usersIndex", pipeline: [ { $group: { _id: "$age", count: { $sum: 1.0 } } }, { $sort: { _id: 1.0 } } ], cursor: {} } keyUpdates:0 writeConflicts:0 numYields:7797 reslen:3835 locks:{} 2161ms
2015-03-22T14:46:49.071+0800 I COMMAND  [conn129] command iii-2015.$cmd command: aggregate { aggregate: "usersIndex", pipeline: [ { $group: { _id: "$age", count: { $sum: 1.0 } } }, { $sort: { _id: 1.0 } } ], cursor: {} } keyUpdates:0 writeConflicts:0 numYields:7791 reslen:3835 locks:{} 1362ms
2015-03-22T15:10:50.327+0800 I COMMAND  [conn132] command iii-2015.$cmd command: mapReduce { mapreduce: "mr1", map: function (){
	for(var key in this){
		emit(key,{count:1});
	}
}, reduce: function (key,emits){
	total = 0;
	for(var i in emits){
		total+=emits..., out: { inline: 1.0 } } keyUpdates:0 writeConflicts:0 numYields:1 reslen:357 locks:{} 644ms
2015-03-22T15:19:07.926+0800 I COMMAND  [conn20] command iii-2015.$cmd command: distinct { distinct: "usersIndex", key: "age" } keyUpdates:0 writeConflicts:0 numYields:25 reslen:1620 locks:{} 679ms
2015-03-22T17:28:34.214+0800 I WRITE    [conn140] insert iii-2015.node_users query: { firstName: "Justin", lastName: "Huang", _id: ObjectId('550e8b4125eee4d0b3165c4f') } ninserted:1 keyUpdates:0 writeConflicts:0 numYields:0 locks:{ Global: { acquireCount: { w: 2 } }, MMAPV1Journal: { acquireCount: { w: 4 }, acquireWaitCount: { w: 1 }, timeAcquiringMicros: { w: 829 } }, Database: { acquireCount: { w: 1, W: 1 } }, Collection: { acquireCount: { W: 2 } }, Metadata: { acquireCount: { W: 2 } } } 179ms
2015-03-22T17:28:34.508+0800 I COMMAND  [conn140] command iii-2015.$cmd command: insert { insert: "node_users", writeConcern: { w: 1 }, ordered: true, documents: [ { firstName: "Justin", lastName: "Huang", _id: ObjectId('550e8b4125eee4d0b3165c4f') } ] } keyUpdates:0 writeConflicts:0 numYields:0 reslen:40 locks:{} 584ms
2015-03-23T12:41:53.655+0800 I COMMAND  [PeriodicTaskRunner] task: DBConnectionPool-cleaner took: 4ms
